<?xml version="1.0" encoding="UTF-8"?>
<testsuite name="zup.spring.mvc.springmvcdigitalinnovation.SpringMvcDigitalinnovationApplicationTests" tests="1" skipped="0" failures="0" errors="0" timestamp="2020-08-15T15:05:37" hostname="pop-os" time="0.652">
  <properties/>
  <testcase name="contextLoads()" classname="zup.spring.mvc.springmvcdigitalinnovation.SpringMvcDigitalinnovationApplicationTests" time="0.652"/>
  <system-out><![CDATA[12:05:34.000 [Test worker] DEBUG org.springframework.test.context.BootstrapUtils - Instantiating CacheAwareContextLoaderDelegate from class [org.springframework.test.context.cache.DefaultCacheAwareContextLoaderDelegate]
12:05:34.054 [Test worker] DEBUG org.springframework.test.context.BootstrapUtils - Instantiating BootstrapContext using constructor [public org.springframework.test.context.support.DefaultBootstrapContext(java.lang.Class,org.springframework.test.context.CacheAwareContextLoaderDelegate)]
12:05:34.160 [Test worker] DEBUG org.springframework.test.context.BootstrapUtils - Instantiating TestContextBootstrapper for test class [zup.spring.mvc.springmvcdigitalinnovation.SpringMvcDigitalinnovationApplicationTests] from class [org.springframework.boot.test.context.SpringBootTestContextBootstrapper]
12:05:34.194 [Test worker] INFO org.springframework.boot.test.context.SpringBootTestContextBootstrapper - Neither @ContextConfiguration nor @ContextHierarchy found for test class [zup.spring.mvc.springmvcdigitalinnovation.SpringMvcDigitalinnovationApplicationTests], using SpringBootContextLoader
12:05:34.202 [Test worker] DEBUG org.springframework.test.context.support.AbstractContextLoader - Did not detect default resource location for test class [zup.spring.mvc.springmvcdigitalinnovation.SpringMvcDigitalinnovationApplicationTests]: class path resource [zup/spring/mvc/springmvcdigitalinnovation/SpringMvcDigitalinnovationApplicationTests-context.xml] does not exist
12:05:34.204 [Test worker] DEBUG org.springframework.test.context.support.AbstractContextLoader - Did not detect default resource location for test class [zup.spring.mvc.springmvcdigitalinnovation.SpringMvcDigitalinnovationApplicationTests]: class path resource [zup/spring/mvc/springmvcdigitalinnovation/SpringMvcDigitalinnovationApplicationTestsContext.groovy] does not exist
12:05:34.211 [Test worker] INFO org.springframework.test.context.support.AbstractContextLoader - Could not detect default resource locations for test class [zup.spring.mvc.springmvcdigitalinnovation.SpringMvcDigitalinnovationApplicationTests]: no resource found for suffixes {-context.xml, Context.groovy}.
12:05:34.213 [Test worker] INFO org.springframework.test.context.support.AnnotationConfigContextLoaderUtils - Could not detect default configuration classes for test class [zup.spring.mvc.springmvcdigitalinnovation.SpringMvcDigitalinnovationApplicationTests]: SpringMvcDigitalinnovationApplicationTests does not declare any static, non-private, non-final, nested classes annotated with @Configuration.
12:05:34.358 [Test worker] DEBUG org.springframework.test.context.support.ActiveProfilesUtils - Could not find an 'annotation declaring class' for annotation type [org.springframework.test.context.ActiveProfiles] and class [zup.spring.mvc.springmvcdigitalinnovation.SpringMvcDigitalinnovationApplicationTests]
12:05:34.554 [Test worker] DEBUG org.springframework.context.annotation.ClassPathScanningCandidateComponentProvider - Identified candidate component class: file [/home/PROGRAMACAO/Java/Spring/Praticando/zup/spring-mvc-digitalinnovation/build/classes/java/main/zup/spring/mvc/springmvcdigitalinnovation/SpringMvcDigitalinnovationApplication.class]
12:05:34.556 [Test worker] INFO org.springframework.boot.test.context.SpringBootTestContextBootstrapper - Found @SpringBootConfiguration zup.spring.mvc.springmvcdigitalinnovation.SpringMvcDigitalinnovationApplication for test class zup.spring.mvc.springmvcdigitalinnovation.SpringMvcDigitalinnovationApplicationTests
12:05:34.748 [Test worker] DEBUG org.springframework.boot.test.context.SpringBootTestContextBootstrapper - @TestExecutionListeners is not present for class [zup.spring.mvc.springmvcdigitalinnovation.SpringMvcDigitalinnovationApplicationTests]: using defaults.
12:05:34.749 [Test worker] INFO org.springframework.boot.test.context.SpringBootTestContextBootstrapper - Loaded default TestExecutionListener class names from location [META-INF/spring.factories]: [org.springframework.boot.test.autoconfigure.restdocs.RestDocsTestExecutionListener, org.springframework.boot.test.autoconfigure.web.client.MockRestServiceServerResetTestExecutionListener, org.springframework.boot.test.autoconfigure.web.servlet.MockMvcPrintOnlyOnFailureTestExecutionListener, org.springframework.boot.test.autoconfigure.web.servlet.WebDriverTestExecutionListener, org.springframework.boot.test.autoconfigure.webservices.client.MockWebServiceServerTestExecutionListener, org.springframework.boot.test.mock.mockito.MockitoTestExecutionListener, org.springframework.boot.test.mock.mockito.ResetMocksTestExecutionListener, org.springframework.test.context.web.ServletTestExecutionListener, org.springframework.test.context.support.DirtiesContextBeforeModesTestExecutionListener, org.springframework.test.context.support.DependencyInjectionTestExecutionListener, org.springframework.test.context.support.DirtiesContextTestExecutionListener, org.springframework.test.context.transaction.TransactionalTestExecutionListener, org.springframework.test.context.jdbc.SqlScriptsTestExecutionListener, org.springframework.test.context.event.EventPublishingTestExecutionListener]
12:05:34.763 [Test worker] DEBUG org.springframework.boot.test.context.SpringBootTestContextBootstrapper - Skipping candidate TestExecutionListener [org.springframework.test.context.transaction.TransactionalTestExecutionListener] due to a missing dependency. Specify custom listener classes or make the default listener classes and their required dependencies available. Offending class: [org/springframework/transaction/interceptor/TransactionAttributeSource]
12:05:34.764 [Test worker] DEBUG org.springframework.boot.test.context.SpringBootTestContextBootstrapper - Skipping candidate TestExecutionListener [org.springframework.test.context.jdbc.SqlScriptsTestExecutionListener] due to a missing dependency. Specify custom listener classes or make the default listener classes and their required dependencies available. Offending class: [org/springframework/transaction/interceptor/TransactionAttribute]
12:05:34.764 [Test worker] INFO org.springframework.boot.test.context.SpringBootTestContextBootstrapper - Using TestExecutionListeners: [org.springframework.test.context.web.ServletTestExecutionListener@3afb94df, org.springframework.test.context.support.DirtiesContextBeforeModesTestExecutionListener@7273751c, org.springframework.boot.test.mock.mockito.MockitoTestExecutionListener@54e06254, org.springframework.boot.test.autoconfigure.SpringBootDependencyInjectionTestExecutionListener@23624796, org.springframework.test.context.support.DirtiesContextTestExecutionListener@45d96249, org.springframework.test.context.event.EventPublishingTestExecutionListener@2ceb247b, org.springframework.boot.test.autoconfigure.restdocs.RestDocsTestExecutionListener@7bce0170, org.springframework.boot.test.autoconfigure.web.client.MockRestServiceServerResetTestExecutionListener@4a21a768, org.springframework.boot.test.autoconfigure.web.servlet.MockMvcPrintOnlyOnFailureTestExecutionListener@44645f4f, org.springframework.boot.test.autoconfigure.web.servlet.WebDriverTestExecutionListener@31596344, org.springframework.boot.test.autoconfigure.webservices.client.MockWebServiceServerTestExecutionListener@3a97319e, org.springframework.boot.test.mock.mockito.ResetMocksTestExecutionListener@7d4adb43]
12:05:34.769 [Test worker] DEBUG org.springframework.test.context.support.AbstractDirtiesContextTestExecutionListener - Before test class: context [DefaultTestContext@204ce0 testClass = SpringMvcDigitalinnovationApplicationTests, testInstance = [null], testMethod = [null], testException = [null], mergedContextConfiguration = [WebMergedContextConfiguration@7b274080 testClass = SpringMvcDigitalinnovationApplicationTests, locations = '{}', classes = '{class zup.spring.mvc.springmvcdigitalinnovation.SpringMvcDigitalinnovationApplication}', contextInitializerClasses = '[]', activeProfiles = '{}', propertySourceLocations = '{}', propertySourceProperties = '{org.springframework.boot.test.context.SpringBootTestContextBootstrapper=true}', contextCustomizers = set[org.springframework.boot.test.autoconfigure.properties.PropertyMappingContextCustomizer@0, org.springframework.boot.test.autoconfigure.web.servlet.WebDriverContextCustomizerFactory$Customizer@5b682cd6, org.springframework.boot.test.context.filter.ExcludeFilterContextCustomizer@4bf0712d, org.springframework.boot.test.json.DuplicateJsonObjectContextCustomizerFactory$DuplicateJsonObjectContextCustomizer@7c66b8ab, org.springframework.boot.test.mock.mockito.MockitoContextCustomizer@0, org.springframework.boot.test.web.client.TestRestTemplateContextCustomizer@32873560, org.springframework.boot.test.context.SpringBootTestArgs@1], resourceBasePath = 'src/main/webapp', contextLoader = 'org.springframework.boot.test.context.SpringBootContextLoader', parent = [null]], attributes = map['org.springframework.test.context.web.ServletTestExecutionListener.activateListener' -> true]], class annotated with @DirtiesContext [false] with mode [null].
12:05:34.810 [Test worker] DEBUG org.springframework.test.context.support.TestPropertySourceUtils - Adding inlined properties to environment: {spring.jmx.enabled=false, org.springframework.boot.test.context.SpringBootTestContextBootstrapper=true}

  .   ____          _            __ _ _
 /\\ / ___'_ __ _ _(_)_ __  __ _ \ \ \ \
( ( )\___ | '_ | '_| | '_ \/ _` | \ \ \ \
 \\/  ___)| |_)| | | | | || (_| |  ) ) ) )
  '  |____| .__|_| |_|_| |_\__, | / / / /
 =========|_|==============|___/=/_/_/_/
 :: Spring Boot ::        (v2.3.2.RELEASE)

2020-08-15 12:05:35.434  INFO 37857 --- [    Test worker] ringMvcDigitalinnovationApplicationTests : Starting SpringMvcDigitalinnovationApplicationTests on pop-os with PID 37857 (started by user01 in /home/PROGRAMACAO/Java/Spring/Praticando/zup/spring-mvc-digitalinnovation)
2020-08-15 12:05:35.439  INFO 37857 --- [    Test worker] ringMvcDigitalinnovationApplicationTests : No active profile set, falling back to default profiles: default
2020-08-15 12:05:37.356  INFO 37857 --- [    Test worker] o.s.s.concurrent.ThreadPoolTaskExecutor  : Initializing ExecutorService 'applicationTaskExecutor'
2020-08-15 12:05:37.872  INFO 37857 --- [    Test worker] ringMvcDigitalinnovationApplicationTests : Started SpringMvcDigitalinnovationApplicationTests in 3.05 seconds (JVM running for 7.146)
]]></system-out>
  <system-err><![CDATA[]]></system-err>
</testsuite>
